Summary of SPARK analysis
=========================

------------------------------------------------------------------------------------------------------------
SPARK Analysis results        Total      Flow   CodePeer                      Provers   Justified   Unproved
------------------------------------------------------------------------------------------------------------
Data Dependencies                 .         .          .                            .           .          .
Flow Dependencies                 .         .          .                            .           .          .
Initialization                    2         2          .                            .           .          .
Non-Aliasing                      .         .          .                            .           .          .
Run-time Checks                  28         .          .    28 (CVC4 99%, altergo 1%)           .          .
Assertions                        4         .          .    3 (CVC4 73%, altergo 27%)           .          1
Functional Contracts             54         .          .    53 (CVC4 98%, Trivial 2%)           .          1
LSP Verification                  .         .          .                            .           .          .
Termination                       .         .          .                            .           .          .
Concurrency                       .         .          .                            .           .          .
------------------------------------------------------------------------------------------------------------
Total                            88    2 (2%)          .                     84 (95%)           .     2 (2%)


max steps used for successful proof: 25773

Analyzed 3 units
in unit main, 17 subprograms and packages out of 23 analyzed
  Main at main.adb:54 flow analyzed (0 errors, 0 checks and 0 warnings) and not proved, 11 checks out of 13 proved
  Main.Detect_Bounces at main.adb:116 flow analyzed (0 errors, 0 checks and 0 warnings) and proved (2 checks)
  Main.Disp at main.adb:59 skipped
  Main.Disp.Capture at display.ads:10, instantiated at main.adb:59 skipped
  Main.Disp.Save at display.ads:15, instantiated at main.adb:59 skipped
  Main.FC at main.adb:58 flow analyzed (0 errors, 0 checks and 0 warnings) and proved (0 checks)
  Main.FC.From_Big_Real at a-nbnbre.ads:72, instantiated at main.adb:58 skipped
  Main.FC.To_Big_Real at a-nbnbre.ads:70, instantiated at main.adb:58 skipped
  Main.Pair_Sep2 at main.adb:99 flow analyzed (0 errors, 0 checks and 0 warnings) and proved (4 checks)
  Main.Print_Collision at main.adb:146 skipped
  Main.Reset_Universe at main.adb:176 flow analyzed (0 errors, 0 checks and 0 warnings) and proved (0 checks)
  Main.Squared_Dist at main.adb:87 flow analyzed (0 errors, 0 checks and 0 warnings) and proved (4 checks)
  Main.Univ at main.adb:56 flow analyzed (0 errors, 0 checks and 0 warnings) and proved (0 checks)
  Main.Univ.Add_Item at universe.ads:35, instantiated at main.adb:56 flow analyzed (0 errors, 0 checks and 0 warnings) and proved (13 checks)
  Main.Univ.Get_Position at universe.ads:19, instantiated at main.adb:56 flow analyzed (0 errors, 0 checks and 0 warnings) and proved (1 checks)
  Main.Univ.Get_Radius at universe.ads:27, instantiated at main.adb:56 flow analyzed (0 errors, 0 checks and 0 warnings) and proved (1 checks)
  Main.Univ.Get_Velocity at universe.ads:23, instantiated at main.adb:56 flow analyzed (0 errors, 0 checks and 0 warnings) and proved (1 checks)
  Main.Univ.Init at universe.ads:32, instantiated at main.adb:56 flow analyzed (0 errors, 0 checks and 0 warnings) and proved (1 checks)
  Main.Univ.Item_Count at universe.ads:17, instantiated at main.adb:56 flow analyzed (0 errors, 0 checks and 0 warnings) and proved (0 checks)
  Main.Univ.Reflect_Velocity_X at universe.ads:63, instantiated at main.adb:56 flow analyzed (0 errors, 0 checks and 0 warnings) and proved (11 checks)
  Main.Univ.Reflect_Velocity_Y at universe.ads:78, instantiated at main.adb:56 flow analyzed (0 errors, 0 checks and 0 warnings) and proved (11 checks)
  Main.Univ.Tick at universe.ads:53, instantiated at main.adb:56 flow analyzed (0 errors, 0 checks and 0 warnings) and proved (24 checks)
  Main.Univ.Universe at universe.ads:15, instantiated at main.adb:56 flow analyzed (0 errors, 0 checks and 0 warnings) and proved (0 checks)
in unit spatial, 12 subprograms and packages out of 12 analyzed
  Spatial at spatial.ads:5 flow analyzed (0 errors, 0 checks and 0 warnings) and proved (0 checks)
  Spatial.Move at spatial.ads:19 flow analyzed (0 errors, 0 checks and 0 warnings) and proved (0 checks)
  Spatial.Negate_Vel_X at spatial.ads:21 flow analyzed (0 errors, 0 checks and 0 warnings) and proved (0 checks)
  Spatial.Negate_Vel_Y at spatial.ads:23 flow analyzed (0 errors, 0 checks and 0 warnings) and proved (0 checks)
  Spatial.Pos_X at spatial.ads:10 flow analyzed (0 errors, 0 checks and 0 warnings) and proved (0 checks)
  Spatial.Pos_Y at spatial.ads:11 flow analyzed (0 errors, 0 checks and 0 warnings) and proved (0 checks)
  Spatial.Position at spatial.ads:7 flow analyzed (0 errors, 0 checks and 0 warnings) and proved (0 checks)
  Spatial.To_Position at spatial.ads:13 flow analyzed (0 errors, 0 checks and 0 warnings) and proved (0 checks)
  Spatial.To_Vector at spatial.ads:16 flow analyzed (0 errors, 0 checks and 0 warnings) and proved (0 checks)
  Spatial.To_Velocity at spatial.ads:14 flow analyzed (0 errors, 0 checks and 0 warnings) and proved (0 checks)
  Spatial.Vel_To_Vector at spatial.ads:17 flow analyzed (0 errors, 0 checks and 0 warnings) and proved (0 checks)
  Spatial.Velocity at spatial.ads:8 flow analyzed (0 errors, 0 checks and 0 warnings) and proved (0 checks)
in unit vector, 0 subprograms and packages out of 5 analyzed
  Vector.Add at vector.ads:12 skipped
  Vector.Dot at vector.ads:21 skipped
  Vector.Put at vector.ads:24 skipped
  Vector.Scale at vector.ads:18 skipped
  Vector.Sub at vector.ads:15 skipped
