main.adb:48:14: warning: use clause for package "Vector" has no effect
main.adb:51:30: warning: "Ada.Numerics.Big_Numbers.Big_Reals" is an Ada 202x unit
main.adb:56:04: warning: in instantiation at universe.ads:46
main.adb:56:04: warning: no Global contract available for "="
main.adb:56:04: warning: assuming "=" has no effect on global items
main.adb:56:04: warning: in instantiation at universe.ads:51
main.adb:56:04: warning: no Global contract available for "="
main.adb:56:04: warning: assuming "=" has no effect on global items
main.adb:56:04: warning: in instantiation at universe.ads:61
main.adb:56:04: warning: no Global contract available for "="
main.adb:56:04: warning: assuming "=" has no effect on global items
main.adb:56:04: warning: in instantiation at universe.ads:74
main.adb:56:04: warning: no Global contract available for "="
main.adb:56:04: warning: assuming "=" has no effect on global items
main.adb:56:04: warning: in instantiation at universe.ads:89
main.adb:56:04: warning: no Global contract available for "="
main.adb:56:04: warning: assuming "=" has no effect on global items
main.adb:56:04: warning: in instantiation at universe.adb:6
main.adb:56:04: warning: no Global contract available for "To_Big_Real"
main.adb:56:04: warning: assuming "To_Big_Real" has no effect on global items
main.adb:56:04: warning: in instantiation at universe.adb:6
main.adb:56:04: warning: no Global contract available for "From_String"
main.adb:56:04: warning: assuming "From_String" has no effect on global items
main.adb:56:04: warning: in instantiation at universe.adb:10
main.adb:56:04: warning: no Global contract available for "To_Big_Real"
main.adb:56:04: warning: assuming "To_Big_Real" has no effect on global items
main.adb:56:04: warning: in instantiation at universe.adb:10
main.adb:56:04: warning: no Global contract available for "From_String"
main.adb:56:04: warning: assuming "From_String" has no effect on global items
main.adb:56:04: warning: in instantiation at universe.adb:70
main.adb:56:04: warning: no Global contract available for "="
main.adb:56:04: warning: assuming "=" has no effect on global items
main.adb:56:04: warning: in instantiation at universe.adb:75
main.adb:56:04: warning: no Global contract available for "="
main.adb:56:04: warning: assuming "=" has no effect on global items
main.adb:63:41: warning: no Global contract available for "To_Big_Real"
main.adb:63:41: warning: assuming "To_Big_Real" has no effect on global items
main.adb:64:41: warning: no Global contract available for "To_Big_Real"
main.adb:64:41: warning: assuming "To_Big_Real" has no effect on global items
main.adb:65:41: warning: no Global contract available for "To_Big_Real"
main.adb:65:41: warning: assuming "To_Big_Real" has no effect on global items
main.adb:66:41: warning: no Global contract available for "To_Big_Real"
main.adb:66:41: warning: assuming "To_Big_Real" has no effect on global items
main.adb:70:18: warning: no Global contract available for "To_Big_Real"
main.adb:70:18: warning: assuming "To_Big_Real" has no effect on global items
main.adb:70:45: warning: no Global contract available for "To_Big_Real"
main.adb:70:45: warning: assuming "To_Big_Real" has no effect on global items
main.adb:72:18: warning: no Global contract available for "To_Big_Real"
main.adb:72:18: warning: assuming "To_Big_Real" has no effect on global items
main.adb:72:45: warning: no Global contract available for "To_Big_Real"
main.adb:72:45: warning: assuming "To_Big_Real" has no effect on global items
main.adb:76:18: warning: no Global contract available for "To_Big_Real"
main.adb:76:18: warning: assuming "To_Big_Real" has no effect on global items
main.adb:76:45: warning: no Global contract available for "To_Big_Real"
main.adb:76:45: warning: assuming "To_Big_Real" has no effect on global items
main.adb:78:18: warning: no Global contract available for "To_Big_Real"
main.adb:78:18: warning: assuming "To_Big_Real" has no effect on global items
main.adb:78:45: warning: no Global contract available for "To_Big_Real"
main.adb:78:45: warning: assuming "To_Big_Real" has no effect on global items
main.adb:81:09: warning: no Global contract available for "To_Big_Real"
main.adb:81:09: warning: assuming "To_Big_Real" has no effect on global items
main.adb:81:31: warning: no Global contract available for "To_Big_Real"
main.adb:81:31: warning: assuming "To_Big_Real" has no effect on global items
main.adb:83:29: warning: no Global contract available for "To_Big_Real"
main.adb:83:29: warning: assuming "To_Big_Real" has no effect on global items
main.adb:83:42: warning: no Global contract available for "From_String"
main.adb:83:42: warning: assuming "From_String" has no effect on global items
main.adb:87:13: warning: function "Squared_Dist" is not referenced
main.adb:101:28: warning: no Global contract available for "+"
main.adb:101:28: warning: assuming "+" has no effect on global items
main.adb:101:49: warning: no Global contract available for "*"
main.adb:101:49: warning: assuming "*" has no effect on global items
main.adb:102:28: warning: no Global contract available for "+"
main.adb:102:28: warning: assuming "+" has no effect on global items
main.adb:131:34: warning: no Global contract available for "+"
main.adb:131:34: warning: assuming "+" has no effect on global items
main.adb:131:38: warning: no Global contract available for ">"
main.adb:131:38: warning: assuming ">" has no effect on global items
main.adb:132:41: warning: no Global contract available for "-"
main.adb:132:41: warning: assuming "-" has no effect on global items
main.adb:132:45: warning: no Global contract available for "<"
main.adb:132:45: warning: assuming "<" has no effect on global items
main.adb:136:34: warning: no Global contract available for "+"
main.adb:136:34: warning: assuming "+" has no effect on global items
main.adb:136:38: warning: no Global contract available for ">"
main.adb:136:38: warning: assuming ">" has no effect on global items
main.adb:137:41: warning: no Global contract available for "-"
main.adb:137:41: warning: assuming "-" has no effect on global items
main.adb:137:45: warning: no Global contract available for "<"
main.adb:137:45: warning: assuming "<" has no effect on global items
main.adb:146:14: warning: procedure "Print_Collision" is not referenced
main.adb:180:21: warning: no Global contract available for "To_Big_Real"
main.adb:180:21: warning: assuming "To_Big_Real" has no effect on global items
main.adb:180:34: warning: no Global contract available for "From_String"
main.adb:180:34: warning: assuming "From_String" has no effect on global items
main.adb:204:32: warning: no Global contract available for "+"
main.adb:204:32: warning: assuming "+" has no effect on global items
main.adb:204:34: warning: no Global contract available for "To_Big_Real"
main.adb:204:34: warning: assuming "To_Big_Real" has no effect on global items
main.adb:204:47: warning: no Global contract available for "From_String"
main.adb:204:47: warning: assuming "From_String" has no effect on global items
main.adb:207:43: medium: precondition might fail, cannot prove Univ.Item_Count (U) = 2 (e.g. when Flags = (others => (X => False, Y => False)) and U = (items => ?, item_count => 0))
main.adb:213:39: medium: loop invariant might fail in first iteration, cannot prove Univ.Item_Count (U) = 2
